<?xml version="1.0"?>
<?xml-stylesheet type="text/xsl" href="configuration.xsl"?>

<!-- Put site-specific property overrides in this file. -->

<configuration>
    <property><name>resource.property.2</name><value>test-site-2.xml</value></property>
</configuration>
